# JRE version: OpenJDK Runtime Environment (8.0_152-b01) (build 1.8.0_152-release-1248-b01)
# Java VM: OpenJDK 64-Bit Server VM (25.152-b01 mixed mode windows-amd64 compressed oops)
Heap:
 PSYoungGen      total 306688K, used 182701K [0x00000000e0000000, 0x00000000fd200000, 0x0000000100000000)
  eden space 166912K, 94% used [0x00000000e0000000,0x00000000e993c7c8,0x00000000ea300000)
  from space 139776K, 18% used [0x00000000ea300000,0x00000000ebc2ed28,0x00000000f2b80000)
  to   space 153600K, 0% used [0x00000000f3c00000,0x00000000f3c00000,0x00000000fd200000)
 ParOldGen       total 1048576K, used 798835K [0x00000000a0000000, 0x00000000e0000000, 0x00000000e0000000)
  object space 1048576K, 76% used [0x00000000a0000000,0x00000000d0c1ce48,0x00000000e0000000)
 Metaspace       used 173481K, capacity 182086K, committed 182320K, reserved 1210368K
  class space    used 19939K, capacity 21286K, committed 21296K, reserved 1048576K
GC Heap History (10 events):
Event: 4616.419 GC heap before
{Heap before GC invocations=252 (full 83):
 PSYoungGen      total 311808K, used 232516K [0x00000000e0000000, 0x00000000fc900000, 0x0000000100000000)
  eden space 163840K, 99% used [0x00000000e0000000,0x00000000e9f32d40,0x00000000ea000000)
  from space 147968K, 46% used [0x00000000f3880000,0x00000000f7c5e348,0x00000000fc900000)
  to   space 152064K, 0% used [0x00000000ea000000,0x00000000ea000000,0x00000000f3480000)
 ParOldGen       total 1048576K, used 798162K [0x00000000a0000000, 0x00000000e0000000, 0x00000000e0000000)
  object space 1048576K, 76% used [0x00000000a0000000,0x00000000d0b74a08,0x00000000e0000000)
 Metaspace       used 168714K, capacity 176908K, committed 177200K, reserved 1206272K
  class space    used 19424K, capacity 20717K, committed 20784K, reserved 1048576K
Event: 4616.452 GC heap after
Heap after GC invocations=252 (full 83):
 PSYoungGen      total 198144K, used 34169K [0x00000000e0000000, 0x00000000fc080000, 0x0000000100000000)
  eden space 163840K, 0% used [0x00000000e0000000,0x00000000e0000000,0x00000000ea000000)
  from space 34304K, 99% used [0x00000000ea000000,0x00000000ec15e690,0x00000000ec180000)
  to   space 146432K, 0% used [0x00000000f3180000,0x00000000f3180000,0x00000000fc080000)
 ParOldGen       total 1048576K, used 798162K [0x00000000a0000000, 0x00000000e0000000, 0x00000000e0000000)
  object space 1048576K, 76% used [0x00000000a0000000,0x00000000d0b74a08,0x00000000e0000000)
 Metaspace       used 168714K, capacity 176908K, committed 177200K, reserved 1206272K
  class space    used 19424K, capacity 20717K, committed 20784K, reserved 1048576K
}
Event: 4616.690 GC heap before
{Heap before GC invocations=253 (full 83):
 PSYoungGen      total 198144K, used 198009K [0x00000000e0000000, 0x00000000fc080000, 0x0000000100000000)
  eden space 163840K, 100% used [0x00000000e0000000,0x00000000ea000000,0x00000000ea000000)
  from space 34304K, 99% used [0x00000000ea000000,0x00000000ec15e690,0x00000000ec180000)
  to   space 146432K, 0% used [0x00000000f3180000,0x00000000f3180000,0x00000000fc080000)
 ParOldGen       total 1048576K, used 798162K [0x00000000a0000000, 0x00000000e0000000, 0x00000000e0000000)
  object space 1048576K, 76% used [0x00000000a0000000,0x00000000d0b74a08,0x00000000e0000000)
 Metaspace       used 168715K, capacity 176908K, committed 177200K, reserved 1206272K
  class space    used 19424K, capacity 20717K, committed 20784K, reserved 1048576K
Event: 4616.705 GC heap after
Heap after GC invocations=253 (full 83):
 PSYoungGen      total 300544K, used 39185K [0x00000000e0000000, 0x00000000fb400000, 0x0000000100000000)
  eden space 166912K, 0% used [0x00000000e0000000,0x00000000e0000000,0x00000000ea300000)
  from space 133632K, 29% used [0x00000000f3180000,0x00000000f57c45d8,0x00000000fb400000)
  to   space 139776K, 0% used [0x00000000ea300000,0x00000000ea300000,0x00000000f2b80000)
 ParOldGen       total 1048576K, used 798170K [0x00000000a0000000, 0x00000000e0000000, 0x00000000e0000000)
  object space 1048576K, 76% used [0x00000000a0000000,0x00000000d0b76a08,0x00000000e0000000)
 Metaspace       used 168715K, capacity 176908K, committed 177200K, reserved 1206272K
  class space    used 19424K, capacity 20717K, committed 20784K, reserved 1048576K
}
Event: 4616.958 GC heap before
{Heap before GC invocations=254 (full 83):
 PSYoungGen      total 300544K, used 206006K [0x00000000e0000000, 0x00000000fb400000, 0x0000000100000000)
  eden space 166912K, 99% used [0x00000000e0000000,0x00000000ea2e92a8,0x00000000ea300000)
  from space 133632K, 29% used [0x00000000f3180000,0x00000000f57c45d8,0x00000000fb400000)
  to   space 139776K, 0% used [0x00000000ea300000,0x00000000ea300000,0x00000000f2b80000)
 ParOldGen       total 1048576K, used 798170K [0x00000000a0000000, 0x00000000e0000000, 0x00000000e0000000)
  object space 1048576K, 76% used [0x00000000a0000000,0x00000000d0b76a08,0x00000000e0000000)
 Metaspace       used 168716K, capacity 176908K, committed 177200K, reserved 1206272K
  class space    used 19424K, capacity 20717K, committed 20784K, reserved 1048576K
Event: 4616.996 GC heap after
Heap after GC invocations=254 (full 83):
 PSYoungGen      total 306688K, used 80468K [0x00000000e0000000, 0x00000000fbb00000, 0x0000000100000000)
  eden space 166912K, 0% used [0x00000000e0000000,0x00000000e0000000,0x00000000ea300000)
  from space 139776K, 57% used [0x00000000ea300000,0x00000000ef195000,0x00000000f2b80000)
  to   space 141312K, 0% used [0x00000000f3100000,0x00000000f3100000,0x00000000fbb00000)
 ParOldGen       total 1048576K, used 798234K [0x00000000a0000000, 0x00000000e0000000, 0x00000000e0000000)
  object space 1048576K, 76% used [0x00000000a0000000,0x00000000d0b86a18,0x00000000e0000000)
 Metaspace       used 168716K, capacity 176908K, committed 177200K, reserved 1206272K
  class space    used 19424K, capacity 20717K, committed 20784K, reserved 1048576K
}
Event: 4617.812 GC heap before
{Heap before GC invocations=255 (full 83):
 PSYoungGen      total 306688K, used 247380K [0x00000000e0000000, 0x00000000fbb00000, 0x0000000100000000)
  eden space 166912K, 100% used [0x00000000e0000000,0x00000000ea300000,0x00000000ea300000)
  from space 139776K, 57% used [0x00000000ea300000,0x00000000ef195000,0x00000000f2b80000)
  to   space 141312K, 0% used [0x00000000f3100000,0x00000000f3100000,0x00000000fbb00000)
 ParOldGen       total 1048576K, used 798234K [0x00000000a0000000, 0x00000000e0000000, 0x00000000e0000000)
  object space 1048576K, 76% used [0x00000000a0000000,0x00000000d0b86a18,0x00000000e0000000)
 Metaspace       used 168716K, capacity 176908K, committed 177200K, reserved 1206272K
  class space    used 19424K, capacity 20717K, committed 20784K, reserved 1048576K
Event: 4617.848 GC heap after
Heap after GC invocations=255 (full 83):
 PSYoungGen      total 308224K, used 121478K [0x00000000e0000000, 0x00000000fbb00000, 0x0000000100000000)
  eden space 166912K, 0% used [0x00000000e0000000,0x00000000e0000000,0x00000000ea300000)
  from space 141312K, 85% used [0x00000000f3100000,0x00000000fa7a1948,0x00000000fbb00000)
  to   space 139776K, 0% used [0x00000000ea300000,0x00000000ea300000,0x00000000f2b80000)
 ParOldGen       total 1048576K, used 798835K [0x00000000a0000000, 0x00000000e0000000, 0x00000000e0000000)
  object space 1048576K, 76% used [0x00000000a0000000,0x00000000d0c1ce48,0x00000000e0000000)
 Metaspace       used 168716K, capacity 176908K, committed 177200K, reserved 1206272K
  class space    used 19424K, capacity 20717K, committed 20784K, reserved 1048576K
}
Event: 4647.294 GC heap before
{Heap before GC invocations=256 (full 83):
 PSYoungGen      total 308224K, used 288390K [0x00000000e0000000, 0x00000000fbb00000, 0x0000000100000000)
  eden space 166912K, 100% used [0x00000000e0000000,0x00000000ea300000,0x00000000ea300000)
  from space 141312K, 85% used [0x00000000f3100000,0x00000000fa7a1948,0x00000000fbb00000)
  to   space 139776K, 0% used [0x00000000ea300000,0x00000000ea300000,0x00000000f2b80000)
 ParOldGen       total 1048576K, used 798835K [0x00000000a0000000, 0x00000000e0000000, 0x00000000e0000000)
  object space 1048576K, 76% used [0x00000000a0000000,0x00000000d0c1ce48,0x00000000e0000000)
 Metaspace       used 169032K, capacity 177598K, committed 177840K, reserved 1206272K
  class space    used 19482K, capacity 20822K, committed 20912K, reserved 1048576K
Event: 4647.323 GC heap after
Heap after GC invocations=256 (full 83):
 PSYoungGen      total 306688K, used 25787K [0x00000000e0000000, 0x00000000fd200000, 0x0000000100000000)
  eden space 166912K, 0% used [0x00000000e0000000,0x00000000e0000000,0x00000000ea300000)
  from space 139776K, 18% used [0x00000000ea300000,0x00000000ebc2ed28,0x00000000f2b80000)
  to   space 153600K, 0% used [0x00000000f3c00000,0x00000000f3c00000,0x00000000fd200000)
 ParOldGen       total 1048576K, used 798835K [0x00000000a0000000, 0x00000000e0000000, 0x00000000e0000000)
  object space 1048576K, 76% used [0x00000000a0000000,0x00000000d0c1ce48,0x00000000e0000000)
 Metaspace       used 169032K, capacity 177598K, committed 177840K, reserved 1206272K
  class space    used 19482K, capacity 20822K, committed 20912K, reserved 1048576K
}

