# JRE version: OpenJDK Runtime Environment (8.0_152-b01) (build 1.8.0_152-release-1248-b01)
# Java VM: OpenJDK 64-Bit Server VM (25.152-b01 mixed mode windows-amd64 compressed oops)
Heap:
 PSYoungGen      total 115712K, used 97129K [0x00000000e0000000, 0x00000000e7d00000, 0x0000000100000000)
  eden space 103936K, 93% used [0x00000000e0000000,0x00000000e5eda488,0x00000000e6580000)
  from space 11776K, 0% used [0x00000000e6600000,0x00000000e6600000,0x00000000e7180000)
  to   space 8704K, 0% used [0x00000000e7480000,0x00000000e7480000,0x00000000e7d00000)
 ParOldGen       total 80896K, used 16489K [0x00000000a0000000, 0x00000000a4f00000, 0x00000000e0000000)
  object space 80896K, 20% used [0x00000000a0000000,0x00000000a101a768,0x00000000a4f00000)
 Metaspace       used 42754K, capacity 43592K, committed 43824K, reserved 1087488K
  class space    used 5819K, capacity 6119K, committed 6192K, reserved 1048576K
GC Heap History (10 events):
Event: 3.060 GC heap before
{Heap before GC invocations=5 (full 1):
 PSYoungGen      total 68608K, used 5088K [0x00000000e0000000, 0x00000000e4800000, 0x0000000100000000)
  eden space 63488K, 0% used [0x00000000e0000000,0x00000000e0000000,0x00000000e3e00000)
  from space 5120K, 99% used [0x00000000e4300000,0x00000000e47f8010,0x00000000e4800000)
  to   space 5120K, 0% used [0x00000000e3e00000,0x00000000e3e00000,0x00000000e4300000)
 ParOldGen       total 84992K, used 10705K [0x00000000a0000000, 0x00000000a5300000, 0x00000000e0000000)
  object space 84992K, 12% used [0x00000000a0000000,0x00000000a0a74728,0x00000000a5300000)
 Metaspace       used 20821K, capacity 21250K, committed 21296K, reserved 1067008K
  class space    used 2922K, capacity 3089K, committed 3120K, reserved 1048576K
Event: 3.105 GC heap after
Heap after GC invocations=5 (full 1):
 PSYoungGen      total 68608K, used 0K [0x00000000e0000000, 0x00000000e4800000, 0x0000000100000000)
  eden space 63488K, 0% used [0x00000000e0000000,0x00000000e0000000,0x00000000e3e00000)
  from space 5120K, 0% used [0x00000000e4300000,0x00000000e4300000,0x00000000e4800000)
  to   space 5120K, 0% used [0x00000000e3e00000,0x00000000e3e00000,0x00000000e4300000)
 ParOldGen       total 58368K, used 10109K [0x00000000a0000000, 0x00000000a3900000, 0x00000000e0000000)
  object space 58368K, 17% used [0x00000000a0000000,0x00000000a09df710,0x00000000a3900000)
 Metaspace       used 20821K, capacity 21250K, committed 21296K, reserved 1067008K
  class space    used 2922K, capacity 3089K, committed 3120K, reserved 1048576K
}
Event: 4.268 GC heap before
{Heap before GC invocations=6 (full 1):
 PSYoungGen      total 68608K, used 63488K [0x00000000e0000000, 0x00000000e4800000, 0x0000000100000000)
  eden space 63488K, 100% used [0x00000000e0000000,0x00000000e3e00000,0x00000000e3e00000)
  from space 5120K, 0% used [0x00000000e4300000,0x00000000e4300000,0x00000000e4800000)
  to   space 5120K, 0% used [0x00000000e3e00000,0x00000000e3e00000,0x00000000e4300000)
 ParOldGen       total 58368K, used 10109K [0x00000000a0000000, 0x00000000a3900000, 0x00000000e0000000)
  object space 58368K, 17% used [0x00000000a0000000,0x00000000a09df710,0x00000000a3900000)
 Metaspace       used 27050K, capacity 27536K, committed 27696K, reserved 1073152K
  class space    used 3690K, capacity 3876K, committed 3888K, reserved 1048576K
Event: 4.284 GC heap after
Heap after GC invocations=6 (full 1):
 PSYoungGen      total 68608K, used 5118K [0x00000000e0000000, 0x00000000e8080000, 0x0000000100000000)
  eden space 63488K, 0% used [0x00000000e0000000,0x00000000e0000000,0x00000000e3e00000)
  from space 5120K, 99% used [0x00000000e3e00000,0x00000000e42ffaf8,0x00000000e4300000)
  to   space 12288K, 0% used [0x00000000e7480000,0x00000000e7480000,0x00000000e8080000)
 ParOldGen       total 58368K, used 11933K [0x00000000a0000000, 0x00000000a3900000, 0x00000000e0000000)
  object space 58368K, 20% used [0x00000000a0000000,0x00000000a0ba75d0,0x00000000a3900000)
 Metaspace       used 27050K, capacity 27536K, committed 27696K, reserved 1073152K
  class space    used 3690K, capacity 3876K, committed 3888K, reserved 1048576K
}
Event: 4.970 GC heap before
{Heap before GC invocations=7 (full 1):
 PSYoungGen      total 68608K, used 68606K [0x00000000e0000000, 0x00000000e8080000, 0x0000000100000000)
  eden space 63488K, 100% used [0x00000000e0000000,0x00000000e3e00000,0x00000000e3e00000)
  from space 5120K, 99% used [0x00000000e3e00000,0x00000000e42ffaf8,0x00000000e4300000)
  to   space 12288K, 0% used [0x00000000e7480000,0x00000000e7480000,0x00000000e8080000)
 ParOldGen       total 58368K, used 11933K [0x00000000a0000000, 0x00000000a3900000, 0x00000000e0000000)
  object space 58368K, 20% used [0x00000000a0000000,0x00000000a0ba75d0,0x00000000a3900000)
 Metaspace       used 30391K, capacity 30876K, committed 31152K, reserved 1075200K
  class space    used 4233K, capacity 4455K, committed 4528K, reserved 1048576K
Event: 4.976 GC heap after
Heap after GC invocations=7 (full 1):
 PSYoungGen      total 112640K, used 8366K [0x00000000e0000000, 0x00000000e7d00000, 0x0000000100000000)
  eden space 103936K, 0% used [0x00000000e0000000,0x00000000e0000000,0x00000000e6580000)
  from space 8704K, 96% used [0x00000000e7480000,0x00000000e7caba70,0x00000000e7d00000)
  to   space 11776K, 0% used [0x00000000e6600000,0x00000000e6600000,0x00000000e7180000)
 ParOldGen       total 58368K, used 11941K [0x00000000a0000000, 0x00000000a3900000, 0x00000000e0000000)
  object space 58368K, 20% used [0x00000000a0000000,0x00000000a0ba95d0,0x00000000a3900000)
 Metaspace       used 30391K, capacity 30876K, committed 31152K, reserved 1075200K
  class space    used 4233K, capacity 4455K, committed 4528K, reserved 1048576K
}
Event: 7.177 GC heap before
{Heap before GC invocations=8 (full 1):
 PSYoungGen      total 112640K, used 47026K [0x00000000e0000000, 0x00000000e7d00000, 0x0000000100000000)
  eden space 103936K, 37% used [0x00000000e0000000,0x00000000e25c0ef8,0x00000000e6580000)
  from space 8704K, 96% used [0x00000000e7480000,0x00000000e7caba70,0x00000000e7d00000)
  to   space 11776K, 0% used [0x00000000e6600000,0x00000000e6600000,0x00000000e7180000)
 ParOldGen       total 58368K, used 11941K [0x00000000a0000000, 0x00000000a3900000, 0x00000000e0000000)
  object space 58368K, 20% used [0x00000000a0000000,0x00000000a0ba95d0,0x00000000a3900000)
 Metaspace       used 34785K, capacity 35358K, committed 35496K, reserved 1079296K
  class space    used 4861K, capacity 5097K, committed 5168K, reserved 1048576K
Event: 7.185 GC heap after
Heap after GC invocations=8 (full 1):
 PSYoungGen      total 115712K, used 9735K [0x00000000e0000000, 0x00000000e7d00000, 0x0000000100000000)
  eden space 103936K, 0% used [0x00000000e0000000,0x00000000e0000000,0x00000000e6580000)
  from space 11776K, 82% used [0x00000000e6600000,0x00000000e6f81dc0,0x00000000e7180000)
  to   space 8704K, 0% used [0x00000000e7480000,0x00000000e7480000,0x00000000e7d00000)
 ParOldGen       total 58368K, used 11949K [0x00000000a0000000, 0x00000000a3900000, 0x00000000e0000000)
  object space 58368K, 20% used [0x00000000a0000000,0x00000000a0bab5d0,0x00000000a3900000)
 Metaspace       used 34785K, capacity 35358K, committed 35496K, reserved 1079296K
  class space    used 4861K, capacity 5097K, committed 5168K, reserved 1048576K
}
Event: 7.185 GC heap before
{Heap before GC invocations=9 (full 2):
 PSYoungGen      total 115712K, used 9735K [0x00000000e0000000, 0x00000000e7d00000, 0x0000000100000000)
  eden space 103936K, 0% used [0x00000000e0000000,0x00000000e0000000,0x00000000e6580000)
  from space 11776K, 82% used [0x00000000e6600000,0x00000000e6f81dc0,0x00000000e7180000)
  to   space 8704K, 0% used [0x00000000e7480000,0x00000000e7480000,0x00000000e7d00000)
 ParOldGen       total 58368K, used 11949K [0x00000000a0000000, 0x00000000a3900000, 0x00000000e0000000)
  object space 58368K, 20% used [0x00000000a0000000,0x00000000a0bab5d0,0x00000000a3900000)
 Metaspace       used 34785K, capacity 35358K, committed 35496K, reserved 1079296K
  class space    used 4861K, capacity 5097K, committed 5168K, reserved 1048576K
Event: 7.235 GC heap after
Heap after GC invocations=9 (full 2):
 PSYoungGen      total 115712K, used 0K [0x00000000e0000000, 0x00000000e7d00000, 0x0000000100000000)
  eden space 103936K, 0% used [0x00000000e0000000,0x00000000e0000000,0x00000000e6580000)
  from space 11776K, 0% used [0x00000000e6600000,0x00000000e6600000,0x00000000e7180000)
  to   space 8704K, 0% used [0x00000000e7480000,0x00000000e7480000,0x00000000e7d00000)
 ParOldGen       total 80896K, used 16489K [0x00000000a0000000, 0x00000000a4f00000, 0x00000000e0000000)
  object space 80896K, 20% used [0x00000000a0000000,0x00000000a101a768,0x00000000a4f00000)
 Metaspace       used 34785K, capacity 35358K, committed 35496K, reserved 1079296K
  class space    used 4861K, capacity 5097K, committed 5168K, reserved 1048576K
}

