# JRE version: OpenJDK Runtime Environment (8.0_152-b01) (build 1.8.0_152-release-1248-b01)
# Java VM: OpenJDK 64-Bit Server VM (25.152-b01 mixed mode windows-amd64 compressed oops)
Heap:
 PSYoungGen      total 118784K, used 101078K [0x00000000e0000000, 0x00000000e7f00000, 0x0000000100000000)
  eden space 108544K, 86% used [0x00000000e0000000,0x00000000e5bc7e30,0x00000000e6a00000)
  from space 10240K, 69% used [0x00000000e6a00000,0x00000000e70eda60,0x00000000e7400000)
  to   space 10240K, 0% used [0x00000000e7400000,0x00000000e7400000,0x00000000e7e00000)
 ParOldGen       total 98304K, used 98065K [0x00000000a0000000, 0x00000000a6000000, 0x00000000e0000000)
  object space 98304K, 99% used [0x00000000a0000000,0x00000000a5fc45a8,0x00000000a6000000)
 Metaspace       used 73782K, capacity 75554K, committed 75824K, reserved 1114112K
  class space    used 9715K, capacity 10202K, committed 10288K, reserved 1048576K
GC Heap History (10 events):
Event: 18.068 GC heap before
{Heap before GC invocations=15 (full 3):
 PSYoungGen      total 118784K, used 4663K [0x00000000e0000000, 0x00000000e7f00000, 0x0000000100000000)
  eden space 108544K, 0% used [0x00000000e0000000,0x00000000e0000000,0x00000000e6a00000)
  from space 10240K, 45% used [0x00000000e7400000,0x00000000e788dc50,0x00000000e7e00000)
  to   space 10240K, 0% used [0x00000000e6a00000,0x00000000e6a00000,0x00000000e7400000)
 ParOldGen       total 75776K, used 36824K [0x00000000a0000000, 0x00000000a4a00000, 0x00000000e0000000)
  object space 75776K, 48% used [0x00000000a0000000,0x00000000a23f6078,0x00000000a4a00000)
 Metaspace       used 57384K, capacity 59076K, committed 59160K, reserved 1099776K
  class space    used 7837K, capacity 8285K, committed 8368K, reserved 1048576K
Event: 18.234 GC heap after
Heap after GC invocations=15 (full 3):
 PSYoungGen      total 118784K, used 0K [0x00000000e0000000, 0x00000000e7f00000, 0x0000000100000000)
  eden space 108544K, 0% used [0x00000000e0000000,0x00000000e0000000,0x00000000e6a00000)
  from space 10240K, 0% used [0x00000000e7400000,0x00000000e7400000,0x00000000e7e00000)
  to   space 10240K, 0% used [0x00000000e6a00000,0x00000000e6a00000,0x00000000e7400000)
 ParOldGen       total 75776K, used 31296K [0x00000000a0000000, 0x00000000a4a00000, 0x00000000e0000000)
  object space 75776K, 41% used [0x00000000a0000000,0x00000000a1e90028,0x00000000a4a00000)
 Metaspace       used 57384K, capacity 59076K, committed 59160K, reserved 1099776K
  class space    used 7837K, capacity 8285K, committed 8368K, reserved 1048576K
}
Event: 25.061 GC heap before
{Heap before GC invocations=16 (full 3):
 PSYoungGen      total 118784K, used 108544K [0x00000000e0000000, 0x00000000e7f00000, 0x0000000100000000)
  eden space 108544K, 100% used [0x00000000e0000000,0x00000000e6a00000,0x00000000e6a00000)
  from space 10240K, 0% used [0x00000000e7400000,0x00000000e7400000,0x00000000e7e00000)
  to   space 10240K, 0% used [0x00000000e6a00000,0x00000000e6a00000,0x00000000e7400000)
 ParOldGen       total 75776K, used 31296K [0x00000000a0000000, 0x00000000a4a00000, 0x00000000e0000000)
  object space 75776K, 41% used [0x00000000a0000000,0x00000000a1e90028,0x00000000a4a00000)
 Metaspace       used 61134K, capacity 62826K, committed 63024K, reserved 1103872K
  class space    used 8287K, capacity 8726K, committed 8752K, reserved 1048576K
Event: 25.069 GC heap after
Heap after GC invocations=16 (full 3):
 PSYoungGen      total 118784K, used 9721K [0x00000000e0000000, 0x00000000e7f00000, 0x0000000100000000)
  eden space 108544K, 0% used [0x00000000e0000000,0x00000000e0000000,0x00000000e6a00000)
  from space 10240K, 94% used [0x00000000e6a00000,0x00000000e737e400,0x00000000e7400000)
  to   space 10240K, 0% used [0x00000000e7400000,0x00000000e7400000,0x00000000e7e00000)
 ParOldGen       total 75776K, used 31304K [0x00000000a0000000, 0x00000000a4a00000, 0x00000000e0000000)
  object space 75776K, 41% used [0x00000000a0000000,0x00000000a1e92028,0x00000000a4a00000)
 Metaspace       used 61134K, capacity 62826K, committed 63024K, reserved 1103872K
  class space    used 8287K, capacity 8726K, committed 8752K, reserved 1048576K
}
Event: 30.636 GC heap before
{Heap before GC invocations=17 (full 3):
 PSYoungGen      total 118784K, used 118265K [0x00000000e0000000, 0x00000000e7f00000, 0x0000000100000000)
  eden space 108544K, 100% used [0x00000000e0000000,0x00000000e6a00000,0x00000000e6a00000)
  from space 10240K, 94% used [0x00000000e6a00000,0x00000000e737e400,0x00000000e7400000)
  to   space 10240K, 0% used [0x00000000e7400000,0x00000000e7400000,0x00000000e7e00000)
 ParOldGen       total 75776K, used 31304K [0x00000000a0000000, 0x00000000a4a00000, 0x00000000e0000000)
  object space 75776K, 41% used [0x00000000a0000000,0x00000000a1e92028,0x00000000a4a00000)
 Metaspace       used 65608K, capacity 67310K, committed 67504K, reserved 1107968K
  class space    used 8839K, capacity 9318K, committed 9392K, reserved 1048576K
Event: 30.651 GC heap after
Heap after GC invocations=17 (full 3):
 PSYoungGen      total 118784K, used 10235K [0x00000000e0000000, 0x00000000e7f00000, 0x0000000100000000)
  eden space 108544K, 0% used [0x00000000e0000000,0x00000000e0000000,0x00000000e6a00000)
  from space 10240K, 99% used [0x00000000e7400000,0x00000000e7dfeca8,0x00000000e7e00000)
  to   space 10240K, 0% used [0x00000000e6a00000,0x00000000e6a00000,0x00000000e7400000)
 ParOldGen       total 75776K, used 44478K [0x00000000a0000000, 0x00000000a4a00000, 0x00000000e0000000)
  object space 75776K, 58% used [0x00000000a0000000,0x00000000a2b6fab0,0x00000000a4a00000)
 Metaspace       used 65608K, capacity 67310K, committed 67504K, reserved 1107968K
  class space    used 8839K, capacity 9318K, committed 9392K, reserved 1048576K
}
Event: 32.367 GC heap before
{Heap before GC invocations=18 (full 3):
 PSYoungGen      total 118784K, used 118779K [0x00000000e0000000, 0x00000000e7f00000, 0x0000000100000000)
  eden space 108544K, 100% used [0x00000000e0000000,0x00000000e6a00000,0x00000000e6a00000)
  from space 10240K, 99% used [0x00000000e7400000,0x00000000e7dfeca8,0x00000000e7e00000)
  to   space 10240K, 0% used [0x00000000e6a00000,0x00000000e6a00000,0x00000000e7400000)
 ParOldGen       total 75776K, used 44478K [0x00000000a0000000, 0x00000000a4a00000, 0x00000000e0000000)
  object space 75776K, 58% used [0x00000000a0000000,0x00000000a2b6fab0,0x00000000a4a00000)
 Metaspace       used 69499K, capacity 71262K, committed 71472K, reserved 1112064K
  class space    used 9254K, capacity 9740K, committed 9776K, reserved 1048576K
Event: 32.408 GC heap after
Heap after GC invocations=18 (full 3):
 PSYoungGen      total 118784K, used 10227K [0x00000000e0000000, 0x00000000e7f00000, 0x0000000100000000)
  eden space 108544K, 0% used [0x00000000e0000000,0x00000000e0000000,0x00000000e6a00000)
  from space 10240K, 99% used [0x00000000e6a00000,0x00000000e73fcd40,0x00000000e7400000)
  to   space 10240K, 0% used [0x00000000e7400000,0x00000000e7400000,0x00000000e7e00000)
 ParOldGen       total 98304K, used 97881K [0x00000000a0000000, 0x00000000a6000000, 0x00000000e0000000)
  object space 98304K, 99% used [0x00000000a0000000,0x00000000a5f96778,0x00000000a6000000)
 Metaspace       used 69499K, capacity 71262K, committed 71472K, reserved 1112064K
  class space    used 9254K, capacity 9740K, committed 9776K, reserved 1048576K
}
Event: 32.408 GC heap before
{Heap before GC invocations=19 (full 4):
 PSYoungGen      total 118784K, used 10227K [0x00000000e0000000, 0x00000000e7f00000, 0x0000000100000000)
  eden space 108544K, 0% used [0x00000000e0000000,0x00000000e0000000,0x00000000e6a00000)
  from space 10240K, 99% used [0x00000000e6a00000,0x00000000e73fcd40,0x00000000e7400000)
  to   space 10240K, 0% used [0x00000000e7400000,0x00000000e7400000,0x00000000e7e00000)
 ParOldGen       total 98304K, used 97881K [0x00000000a0000000, 0x00000000a6000000, 0x00000000e0000000)
  object space 98304K, 99% used [0x00000000a0000000,0x00000000a5f96778,0x00000000a6000000)
 Metaspace       used 69499K, capacity 71262K, committed 71472K, reserved 1112064K
  class space    used 9254K, capacity 9740K, committed 9776K, reserved 1048576K
Event: 32.837 GC heap after
Heap after GC invocations=19 (full 4):
 PSYoungGen      total 118784K, used 7094K [0x00000000e0000000, 0x00000000e7f00000, 0x0000000100000000)
  eden space 108544K, 0% used [0x00000000e0000000,0x00000000e0000000,0x00000000e6a00000)
  from space 10240K, 69% used [0x00000000e6a00000,0x00000000e70eda60,0x00000000e7400000)
  to   space 10240K, 0% used [0x00000000e7400000,0x00000000e7400000,0x00000000e7e00000)
 ParOldGen       total 98304K, used 98065K [0x00000000a0000000, 0x00000000a6000000, 0x00000000e0000000)
  object space 98304K, 99% used [0x00000000a0000000,0x00000000a5fc45a8,0x00000000a6000000)
 Metaspace       used 69495K, capacity 71256K, committed 71472K, reserved 1112064K
  class space    used 9253K, capacity 9739K, committed 9776K, reserved 1048576K
}

